<?xml version="1.0" encoding="UTF-8"?>
<testsuite name="Testing SquareRoot" tests="5" skipped="0" failures="0" errors="0" timestamp="2021-10-02T05:29:36" hostname="Hannahs-Air" time="0.033">
  <properties/>
  <testcase name="[1] 16.0, 4.0" classname="edu.byu.cs203.junit.advanced.ComplexTest$squareRoot" time="0.002"/>
  <testcase name="[2] 145.0, 12.04159" classname="edu.byu.cs203.junit.advanced.ComplexTest$squareRoot" time="0.001"/>
  <testcase name="[1] -1, NaN" classname="edu.byu.cs203.junit.advanced.ComplexTest$squareRoot" time="0.004"/>
  <testcase name="[2] NaN, NaN" classname="edu.byu.cs203.junit.advanced.ComplexTest$squareRoot" time="0.001"/>
  <testcase name="[3] 0, 0" classname="edu.byu.cs203.junit.advanced.ComplexTest$squareRoot" time="0.004"/>
  <system-out><![CDATA[]]></system-out>
  <system-err><![CDATA[]]></system-err>
</testsuite>
