<?xml version="1.0" encoding="UTF-8"?>
<testsuite name="Testing Factorial" tests="6" skipped="0" failures="0" errors="0" timestamp="2021-10-02T05:29:36" hostname="Hannahs-Air" time="0.064">
  <properties/>
  <testcase name="[1] 5, 120" classname="edu.byu.cs203.junit.advanced.ComplexTest$factorial" time="0.002"/>
  <testcase name="[2] 4, 24" classname="edu.byu.cs203.junit.advanced.ComplexTest$factorial" time="0.004"/>
  <testcase name="[3] 2, 2" classname="edu.byu.cs203.junit.advanced.ComplexTest$factorial" time="0.001"/>
  <testcase name="[1] -1" classname="edu.byu.cs203.junit.advanced.ComplexTest$factorial" time="0.018"/>
  <testcase name="[1] 0, 1" classname="edu.byu.cs203.junit.advanced.ComplexTest$factorial" time="0.0"/>
  <testcase name="[2] 21, 0" classname="edu.byu.cs203.junit.advanced.ComplexTest$factorial" time="0.001"/>
  <system-out><![CDATA[]]></system-out>
  <system-err><![CDATA[]]></system-err>
</testsuite>
