<?xml version="1.0" encoding="UTF-8"?>
<testsuite name="HarderCoverageFunctionsTest" tests="2" skipped="0" failures="0" errors="0" timestamp="2021-10-08T11:51:08" hostname="Hannahs-MacBook-Air.local" time="0.14">
  <properties/>
  <testcase name="castSpellsTest()" classname="HarderCoverageFunctionsTest" time="0.136"/>
  <testcase name="truthFinderTest()" classname="HarderCoverageFunctionsTest" time="0.002"/>
  <system-out><![CDATA[]]></system-out>
  <system-err><![CDATA[]]></system-err>
</testsuite>
