<?xml version="1.0" encoding="UTF-8"?>
<testsuite name="com.example.PersonTest" tests="2" skipped="0" failures="0" errors="0" timestamp="2021-09-29T02:46:32" hostname="Hannahs-MacBook-Air.local" time="0.059">
  <properties/>
  <testcase name="testGetFullName()" classname="com.example.PersonTest" time="0.042"/>
  <testcase name="testGetAge()" classname="com.example.PersonTest" time="0.015"/>
  <system-out><![CDATA[]]></system-out>
  <system-err><![CDATA[]]></system-err>
</testsuite>
